1609731155377	geckodriver	INFO	Listening on 127.0.0.1:55147
1609731158396	mozrunner::runner	INFO	Running command: "C:\\Program Files\\Mozilla Firefox\\firefox.exe" "--marionette" "-foreground" "-no-remote" "-profile" "C:\\Users\\ADMINI~1.WIN\\AppData\\Local\\Temp\\rust_mozprofileiSc7s3"
Can't find symbol 'eglSwapBuffersWithDamageEXT'.
Can't find symbol 'eglSetDamageRegionKHR'.
console.warn: SearchSettings: "get: No settings file exists, new profile?" (new Error("", "(unknown module)"))
1609731161432	Marionette	INFO	Listening on port 55159
1609731161637	Marionette	WARN	TLS certificate errors will be ignored for this session
console.error: Region.jsm: "Error fetching region" (new Error("TIMEOUT", "resource://gre/modules/Region.jsm", 726))
console.error: Region.jsm: "Failed to fetch region" (new Error("TIMEOUT", "resource://gre/modules/Region.jsm", 376))
1609732848498	Marionette	INFO	Stopped listening on port 55159

###!!! [Child][RunMessage] Error: Channel closing: too late to send/recv, messages will be lost

"--marionette" "-foreground" "-no-remote" "-profile" "C:\\Users\\ADMINI~1.WIN\\AppData\\Local\\Temp\\rust_mozprofileyer8ba"
Can't find symbol 'eglSwapBuffersWithDamageEXT'.
Can't find symbol 'eglSetDamageRegionKHR'.
console.warn: SearchSettings: "get: No settings file exists, new profile?" (new Error("", "(unknown module)"))
1609732846601	Marionette	INFO	Listening on port 61500
1609732846712	Marionette	WARN	TLS certificate errors will be ignored for this session
[Parent 15648, Gecko_IOThread] WARNING: file /builds/worker/checkouts/gecko/ipc/chromium/src/base/process_util_win.cc:166
1609733277572	Marionette	INFO	Stopped listening on port 61500

###!!! [Child][RunMessage] Error: Channel closing: too late to send/recv, messages will be lost

"--marionette" "-foreground" "-no-remote" "-profile" "C:\\Users\\ADMINI~1.WIN\\AppData\\Local\\Temp\\rust_mozprofileRi3HGj"
Can't find symbol 'eglSwapBuffersWithDamageEXT'.
Can't find symbol 'eglSetDamageRegionKHR'.
console.warn: SearchSettings: "get: No settings file exists, new profile?" (new Error("", "(unknown module)"))
1609733179615	Marionette	INFO	Listening on port 62330
1609733179942	Marionette	WARN	TLS certificate errors will be ignored for this session
console.warn: "Async method failed in safeAsyncMethod" (new Error("Connection closed, pending request to server0.conn0.child3/domwalker25, type cancelPick failed\n\nRequest stack:\nrequest@resource://devtools/shared/protocol/Front.js:288:14\ngenerateRequestMethods/</frontProto[name]@resource://devtools/shared/protocol/Front/FrontClassWithSpec.js:46:19\ncancelPick@resource://devtools/client/fronts/walker.js:617:18\nexports.safeAsyncMethod/<@resource://devtools/shared/async-utils.js:57:25\n_onInspectorFrontDestroyed@resource://devtools/client/inspector/node-picker.js:112:18\n_emit@resource://devtools/shared/event-emitter.js:226:34\nemit@resource://devtools/shared/event-emitter.js:172:18\nemit@resource://devtools/shared/event-emitter.js:324:18\nunmanage@resource://devtools/shared/protocol/Front.js:168:37\ndestroy@resource://devtools/shared/protocol/Pool.js:167:14\nbaseFrontClassDestroy@resource://devtools/shared/protocol/Front.js:103:13\ndestroy@resource://devtools/shared/protocol/Front.js:67:10\ndestroy@resource://devtools/client/fronts/inspector.js:96:11\n_destroyTarget@resource://devtools/client/fronts/targets/target-mixin.js:604:17\n", "resource://devtools/shared/protocol/Front.js", 99))
console.error: "Trying to destroy a target actor that doesn't eJavaScript error: http://www.5itest.cn/static-dist/libs/base.js?version=8.2.25, line 1: SyntaxError: JSON.parse: unexpected character at line 1 column 1 of the JSON data
1609735422512	Marionette	INFO	Stopped listening on port 50439

###!!! [Child][RunMessage] Error: Channel closing: too late to send/recv, messages will be lost

	INFO	Running command: "C:\\Program Files\\Mozilla Firefox\\firefox.exe" "--marionette" "-foreground" "-no-remote" "-profile" "C:\\Users\\ADMINI~1.WIN\\AppData\\Local\\Temp\\rust_mozprofileFVvy5C"
Can't find symbol 'eglSwapBuffersWithDamageEXT'.
Can't find symbol 'eglSetDamageRegionKHR'.
console.warn: SearchSettings: "get: No settings file exists, new profile?" (new Error("", "(unknown module)"))
1609735425756	Marionette	INFO	Listening on port 50639
1609735425854	Marionette	WARN	TLS certificate errors will be ignored for this session
1609761017676	Marionette	INFO	Stopped listening on port 50639

###!!! [Child][RunMessage] Error: Channel closing: too late to send/recv, messages will be lost

"--marionette" "-foreground" "-no-remote" "-profile" "C:\\Users\\ADMINI~1.WIN\\AppData\\Local\\Temp\\rust_mozprofileLCov8x"
Can't find symbol 'eglSwapBuffersWithDamageEXT'.
Can't find symbol 'eglSetDamageRegionKHR'.
console.warn: SearchSettings: "get: No settings file exists, new profile?" (new Error("", "(unknown module)"))
1609735604210	Marionette	INFO	Listening on port 51106
1609735604668	Marionette	WARN	TLS certificate errors will be ignored for this session
JavaScript error: http://www.5itest.cn/static-dist/libs/base.js?version=8.2.25, line 1: SyntaxError: JSON.parse: unexpected character at line 1 column 1 of the JSON data
1609761016453	Marionette	INFO	Stopped listening on port 51106

###!!! [Child][RunMessage] Error: Channel closing: too late to send/recv, messages will be lost

1610355265732	geckodriver	INFO	Listening on 127.0.0.1:58285
1610355268636	mozrunner::runner	INFO	Running command: "C:\\Program Files\\Mozilla Firefox\\firefox.exe" "--marionette" "-foreground" "-no-remote" "-profile" "C:\\Users\\ADMINI~1.WIN\\AppData\\Local\\Temp\\rust_mozprofilecTaG5n"
Can't find symbol 'eglSwapBuffersWithDamageEXT'.
Can't find symbol 'eglSetDamageRegionKHR'.
console.warn: SearchSettings: "get: No settings file exists, new profile?" (new Error("", "(unknown module)"))
1610355275159	Marionette	INFO	Listening on port 58298
1610355275236	Marionette	WARN	TLS certificate errors will be ignored for this session
1610355297655	Marionette	INFO	Stopped listening on port 58298
JavaScript error: resource://activity-stream/lib/ASRouter.jsm, line 987: NS_ERROR_ILLEGAL_VALUE: Component returned failure code: 0x80070057 (NS_ERROR_ILLEGAL_VALUE) [nsIObserverService.removeObserver]

###!!! [Child][RunMessage] Error: Channel closing: too late to send/recv, messages will be lost

